<?xml version="1.0" encoding="UTF-8"?>
<testsuite name="tests.JacksonSerializationTest" tests="2" skipped="0" failures="0" errors="0" timestamp="2017-10-24T21:14:17" hostname="PC" time="1.887">
  <properties/>
  <testcase name="serializationEmpty" classname="tests.JacksonSerializationTest" time="1.796"/>
  <testcase name="serialization" classname="tests.JacksonSerializationTest" time="0.091"/>
  <system-out><![CDATA[]]></system-out>
  <system-err><![CDATA[]]></system-err>
</testsuite>
