<?xml version="1.0" encoding="UTF-8"?>
<testsuite name="tests.BookTest" tests="8" skipped="0" failures="0" errors="0" timestamp="2017-10-24T21:14:17" hostname="PC" time="0.049">
  <properties/>
  <testcase name="testEmptyClone" classname="tests.BookTest" time="0.028"/>
  <testcase name="equals" classname="tests.BookTest" time="0.009"/>
  <testcase name="testClone" classname="tests.BookTest" time="0.001"/>
  <testcase name="testToString" classname="tests.BookTest" time="0.001"/>
  <testcase name="equalsEmpty" classname="tests.BookTest" time="0.0"/>
  <testcase name="notEqualsWithChapters" classname="tests.BookTest" time="0.001"/>
  <testcase name="notEquals" classname="tests.BookTest" time="0.0"/>
  <testcase name="createWIthNegativePage" classname="tests.BookTest" time="0.001"/>
  <system-out><![CDATA[]]></system-out>
  <system-err><![CDATA[]]></system-err>
</testsuite>
