<?xml version="1.0" encoding="UTF-8"?>
<testsuite name="tests.MainTest" tests="1" skipped="0" failures="0" errors="0" timestamp="2017-10-24T21:14:19" hostname="PC" time="0.429">
  <properties/>
  <testcase name="main" classname="tests.MainTest" time="0.429"/>
  <system-out><![CDATA[serialization.JacksonSerialization
70251444 nanosec
Memory used: 3132400 B 
27989734 nanosec
Memory used: 3180488 B 
36871684 nanosec
Memory used: 3091856 B 
serialization.GSONSerialization
24555163 nanosec
Memory used: 3182576 B 
3718924 nanosec
Memory used: 3182576 B 
6149507 nanosec
Memory used: 3258176 B 
serialization.JSONSerialization
2511481 nanosec
Memory used: 3090208 B 
2289312 nanosec
Memory used: 3182840 B 
1981413 nanosec
Memory used: 3090248 B 
]]></system-out>
  <system-err><![CDATA[]]></system-err>
</testsuite>
