<?xml version="1.0" encoding="UTF-8"?>
<testsuite name="tests.ChapterTest" tests="7" skipped="0" failures="0" errors="0" timestamp="2017-10-22T22:03:48" hostname="PC" time="0.015">
  <properties/>
  <testcase name="testEmptyClone" classname="tests.ChapterTest" time="0.0"/>
  <testcase name="equals" classname="tests.ChapterTest" time="0.0"/>
  <testcase name="testClone" classname="tests.ChapterTest" time="0.015"/>
  <testcase name="testToString" classname="tests.ChapterTest" time="0.0"/>
  <testcase name="equalsEmpty" classname="tests.ChapterTest" time="0.0"/>
  <testcase name="notEquals" classname="tests.ChapterTest" time="0.0"/>
  <testcase name="createWIthNegativePage" classname="tests.ChapterTest" time="0.0"/>
  <system-out><![CDATA[]]></system-out>
  <system-err><![CDATA[]]></system-err>
</testsuite>
