<?xml version="1.0" encoding="UTF-8"?>
<testsuite name="tests.JSONSerializationTest" tests="2" skipped="0" failures="0" errors="0" timestamp="2017-10-24T21:14:19" hostname="PC" time="0.145">
  <properties/>
  <testcase name="serializationEmpty" classname="tests.JSONSerializationTest" time="0.13"/>
  <testcase name="serialization" classname="tests.JSONSerializationTest" time="0.015"/>
  <system-out><![CDATA[]]></system-out>
  <system-err><![CDATA[]]></system-err>
</testsuite>
